 3-D SLAB MODEL INPUT SUMMARY

	RUN IDENTIFIER: SLAB 
	WEATHER FILE ID: Roma-Fiumicino - ITA IGDG
	LONGITUDE (DEG):  -12.2 LATITUDE (DEG):  41.8
	STANDARD TIME MERIDIAN (DEG):  -15.0
	ELEVATION (M):    3.0

 SOIL AND SURFACE PROPERTIES:

 ALBEDO:
 NO SNOW: 0.1600     SNOW: 0.4000    
 LONG-WAVE EMISSIVITY:
 NO SNOW: 0.9000     SNOW: 0.9000    
 ROUGHNESS LENGTH (CM):
 NO SNOW: 0.7500    	SNOW: 0.5000E-01
 DENSITY (KG/M**3):  1200.    
 SPECIFIC HEAT (J/KG/K):  1200.    
 THERMAL CONDUCTIVTTY (W/M/K):  1.000    

 FLOOR MATERIAL PROPERTIES AND DIMENSIONS:

 DENSITY:  2300.    
 SPECIFIC HEAT:  650.0    
 THERMAL CONDUCTIVITY: 0.9000    
 UNDER-SLAB INSULATION:	RESISTANCE (M**2 K/W):  0.000     WIDTH (M):  0.000    
 FOUNDATION WALL INSULATION RESISTANCE (M**2 K/W):  1.761     DEPTH (m):  1.500    
 FLOOR SHAPE: 0
 FLOOR AREA (M**2):  129.4    
 PERIMETER (M):  45.50    
 MIN X (M): -5.687     MAX X:  5.687    
 MIN Y (M): -5.687     MAX Y:  5.687    
 FLOOR THICKNESS (M): 0.1500    
 BUILDING HEIGHT (M):  4.000    

 BOUNDARY CONDITIONS:

 INSIDE AIR TEMP(June). (C): 23.88    
 FLOOR-AIR HEAT TRANSFER COEFF. (W/M**2/K): 
 Q INTO FLOOR:  6.000     Q OUT OF FLOOR:  9.000    
 ZERO EVAPORATION SURFACE BOUNDARY
 NO SHADING OF GROUND BY BUILDING INCLUDED
 FIXED TEMPERATURE LOWER BOUNDARY
 CELL X-COORDINATES (M):
 -20.69 -17.69 -14.69 -11.69  -8.69  -7.69  -6.69  -6.19  -5.89  -5.69
  -5.49  -5.19  -4.69  -3.69  -2.69  -0.69   0.00   0.69   2.69   3.69
   4.69   5.19   5.49   5.69   5.89   6.19   6.69   7.69   8.69  11.69
  14.69  17.69  20.69
 CELL Y-COORDINATES (M):
 -20.69 -17.69 -14.69 -11.69  -8.69  -7.69  -6.69  -6.19  -5.89  -5.69
  -5.49  -5.19  -4.69  -3.69  -2.69  -0.69   0.00   0.69   2.69   3.69
   4.69   5.19   5.49   5.69   5.89   6.19   6.69   7.69   8.69  11.69
  14.69  17.69  20.69
 CELL Z-COORDINATES (M):
   0.00   0.15   0.39   0.56   1.05   1.55   2.05   3.05   4.05  15.00

MAXITER=    10
Convergence Tolerance=      0.100    
